F or F/Library/Bee/Android/Prj/IL2CPP/Gradle/unityLibrary/build/intermediates/manifest_merge_blame_file/release/manifest-merger-blame-release-report.txt
1<?xml version="1.0" encoding="utf-8"?>
2<manifest xmlns:android="http://schemas.android.com/apk/res/android"
3    xmlns:tools="http://schemas.android.com/tools"
4    package="com.unity3d.player" >
5
6    <uses-sdk android:minSdkVersion="29" />
6-->src\main\AndroidManifest.xml
7
8    <uses-feature android:glEsVersion="0x00030000" />
8-->src\main\AndroidManifest.xml:19:3-52
8-->src\main\AndroidManifest.xml:19:17-49
9    <uses-feature
9-->src\main\AndroidManifest.xml:20:3-91
10        android:name="android.hardware.vulkan.version"
10-->src\main\AndroidManifest.xml:20:17-63
11        android:required="false" />
11-->src\main\AndroidManifest.xml:20:64-88
12    <uses-feature
12-->src\main\AndroidManifest.xml:21:3-88
13        android:name="android.hardware.touchscreen"
13-->src\main\AndroidManifest.xml:21:17-60
14        android:required="false" />
14-->src\main\AndroidManifest.xml:21:61-85
15    <uses-feature
15-->src\main\AndroidManifest.xml:22:3-99
16        android:name="android.hardware.touchscreen.multitouch"
16-->src\main\AndroidManifest.xml:22:17-71
17        android:required="false" />
17-->src\main\AndroidManifest.xml:22:72-96
18    <uses-feature
18-->src\main\AndroidManifest.xml:23:3-108
19        android:name="android.hardware.touchscreen.multitouch.distinct"
19-->src\main\AndroidManifest.xml:23:17-80
20        android:required="false" />
20-->src\main\AndroidManifest.xml:23:81-105
21
22    <application android:extractNativeLibs="true" >
22-->src\main\AndroidManifest.xml:3:3-18:17
22-->src\main\AndroidManifest.xml:3:16-48
23        <activity
23-->src\main\AndroidManifest.xml:4:5-12:16
24            android:name="com.unity3d.player.UnityPlayerActivity"
24-->src\main\AndroidManifest.xml:4:15-68
25            android:configChanges="mcc|mnc|locale|touchscreen|keyboard|keyboardHidden|navigation|orientation|screenLayout|uiMode|screenSize|smallestScreenSize|fontScale|layoutDirection|density"
25-->src\main\AndroidManifest.xml:4:180-361
26            android:exported="true"
26-->src\main\AndroidManifest.xml:4:433-456
27            android:hardwareAccelerated="false"
27-->src\main\AndroidManifest.xml:4:397-432
28            android:launchMode="singleTask"
28-->src\main\AndroidManifest.xml:4:148-179
29            android:resizeableActivity="false"
29-->src\main\AndroidManifest.xml:4:362-396
30            android:screenOrientation="fullUser"
30-->src\main\AndroidManifest.xml:4:111-147
31            android:theme="@style/UnityThemeSelector" >
31-->src\main\AndroidManifest.xml:4:69-110
32            <intent-filter>
32-->src\main\AndroidManifest.xml:5:7-9:23
33                <action android:name="android.intent.action.MAIN" />
33-->src\main\AndroidManifest.xml:6:9-61
33-->src\main\AndroidManifest.xml:6:17-58
34
35                <category android:name="android.intent.category.LAUNCHER" />
35-->src\main\AndroidManifest.xml:7:9-69
35-->src\main\AndroidManifest.xml:7:19-66
36                <category android:name="com.oculus.intent.category.VR" />
36-->src\main\AndroidManifest.xml:8:9-66
36-->src\main\AndroidManifest.xml:8:19-63
37            </intent-filter>
38
39            <meta-data
39-->src\main\AndroidManifest.xml:10:7-82
40                android:name="unityplayer.UnityActivity"
40-->src\main\AndroidManifest.xml:10:18-58
41                android:value="true" />
41-->src\main\AndroidManifest.xml:10:59-79
42            <meta-data
42-->src\main\AndroidManifest.xml:11:7-78
43                android:name="android.notch_support"
43-->src\main\AndroidManifest.xml:11:18-54
44                android:value="true" />
44-->src\main\AndroidManifest.xml:11:55-75
45        </activity>
46
47        <meta-data
47-->src\main\AndroidManifest.xml:13:5-69
48            android:name="unity.splash-mode"
48-->src\main\AndroidManifest.xml:13:16-48
49            android:value="0" />
49-->src\main\AndroidManifest.xml:13:49-66
50        <meta-data
50-->src\main\AndroidManifest.xml:14:5-74
51            android:name="unity.splash-enable"
51-->src\main\AndroidManifest.xml:14:16-50
52            android:value="True" />
52-->src\main\AndroidManifest.xml:14:51-71
53        <meta-data
53-->src\main\AndroidManifest.xml:15:5-78
54            android:name="unity.launch-fullscreen"
54-->src\main\AndroidManifest.xml:15:16-54
55            android:value="True" />
55-->src\main\AndroidManifest.xml:15:55-75
56        <meta-data
56-->src\main\AndroidManifest.xml:16:5-81
57            android:name="notch.config"
57-->src\main\AndroidManifest.xml:16:16-43
58            android:value="portrait|landscape" />
58-->src\main\AndroidManifest.xml:16:44-78
59        <meta-data
59-->src\main\AndroidManifest.xml:17:5-84
60            android:name="unity.auto-report-fully-drawn"
60-->src\main\AndroidManifest.xml:17:16-60
61            android:value="true" />
61-->src\main\AndroidManifest.xml:17:61-81
62    </application>
63
64</manifest>